TN:
SF:dao.mjs
FN:20,(anonymous_0)
FN:35,(anonymous_1)
FN:36,(anonymous_2)
FN:58,(anonymous_3)
FN:59,(anonymous_4)
FN:76,(anonymous_5)
FN:86,(anonymous_6)
FN:87,(anonymous_7)
FN:104,(anonymous_8)
FN:107,(anonymous_9)
FN:108,(anonymous_10)
FN:125,(anonymous_11)
FN:129,(anonymous_12)
FN:136,(anonymous_13)
FN:140,(anonymous_14)
FN:147,(anonymous_15)
FN:157,(anonymous_16)
FN:170,(anonymous_17)
FN:223,(anonymous_18)
FN:226,(anonymous_19)
FN:227,(anonymous_20)
FN:249,(anonymous_21)
FN:254,(anonymous_22)
FNF:23
FNH:23
FNDA:2,(anonymous_0)
FNDA:1,(anonymous_1)
FNDA:1,(anonymous_2)
FNDA:1,(anonymous_3)
FNDA:1,(anonymous_4)
FNDA:4,(anonymous_5)
FNDA:3,(anonymous_6)
FNDA:3,(anonymous_7)
FNDA:1,(anonymous_8)
FNDA:1,(anonymous_9)
FNDA:1,(anonymous_10)
FNDA:1,(anonymous_11)
FNDA:2,(anonymous_12)
FNDA:1,(anonymous_13)
FNDA:1,(anonymous_14)
FNDA:1,(anonymous_15)
FNDA:2,(anonymous_16)
FNDA:2,(anonymous_17)
FNDA:1,(anonymous_18)
FNDA:1,(anonymous_19)
FNDA:1,(anonymous_20)
FNDA:1,(anonymous_21)
FNDA:1,(anonymous_22)
DA:5,1
DA:7,1
DA:20,1
DA:21,2
DA:23,2
DA:24,2
DA:26,2
DA:27,1
DA:28,1
DA:35,1
DA:36,1
DA:37,1
DA:39,1
DA:44,1
DA:50,1
DA:51,1
DA:53,1
DA:54,1
DA:56,1
DA:58,1
DA:59,1
DA:60,1
DA:62,1
DA:67,1
DA:71,0
DA:76,1
DA:77,4
DA:78,4
DA:79,4
DA:81,4
DA:82,4
DA:84,3
DA:86,3
DA:87,3
DA:88,3
DA:90,2
DA:95,2
DA:99,0
DA:104,1
DA:105,1
DA:107,1
DA:108,1
DA:109,1
DA:111,1
DA:112,1
DA:114,1
DA:115,1
DA:116,1
DA:118,0
DA:125,1
DA:126,1
DA:127,1
DA:128,1
DA:129,2
DA:131,0
DA:136,1
DA:137,1
DA:138,1
DA:139,1
DA:140,1
DA:142,0
DA:147,1
DA:148,1
DA:149,1
DA:156,1
DA:157,2
DA:166,0
DA:170,1
DA:171,2
DA:173,2
DA:174,2
DA:177,2
DA:178,2
DA:180,2
DA:181,1
DA:184,1
DA:187,1
DA:188,1
DA:189,1
DA:191,1
DA:196,1
DA:197,1
DA:198,1
DA:200,1
DA:205,1
DA:206,1
DA:207,1
DA:208,1
DA:211,1
DA:213,1
DA:215,1
DA:216,1
DA:218,2
DA:223,1
DA:224,1
DA:226,1
DA:227,1
DA:228,1
DA:230,1
DA:235,1
DA:237,1
DA:238,1
DA:239,1
DA:241,0
DA:249,1
DA:250,1
DA:251,1
DA:252,1
DA:254,1
DA:260,0
LF:110
LH:102
BRDA:26,0,0,1
BRDA:26,0,1,1
BRDA:37,1,0,0
BRDA:37,1,1,1
BRDA:44,2,0,1
BRDA:44,2,1,0
BRDA:54,3,0,0
BRDA:54,3,1,1
BRDA:60,4,0,0
BRDA:60,4,1,1
BRDA:67,5,0,1
BRDA:67,5,1,0
BRDA:82,6,0,1
BRDA:82,6,1,3
BRDA:88,7,0,1
BRDA:88,7,1,2
BRDA:95,8,0,1
BRDA:95,8,1,1
BRDA:109,9,0,0
BRDA:109,9,1,1
BRDA:180,10,0,1
BRDA:180,10,1,1
BRDA:196,11,0,1
BRDA:196,11,1,1
BRDA:228,12,0,0
BRDA:228,12,1,1
BRF:26
BRH:19
end_of_record
TN:
SF:index.mjs
FN:43,verify
FN:51,(anonymous_1)
FN:55,(anonymous_2)
FN:78,(anonymous_3)
FN:99,(anonymous_4)
FN:109,(anonymous_5)
FN:120,(anonymous_6)
FN:132,(anonymous_7)
FN:158,(anonymous_8)
FN:186,(anonymous_9)
FN:214,(anonymous_10)
FN:238,(anonymous_11)
FN:243,(anonymous_12)
FN:252,(anonymous_13)
FN:253,(anonymous_14)
FN:259,(anonymous_15)
FNF:16
FNH:16
FNDA:6,verify
FNDA:5,(anonymous_1)
FNDA:12,(anonymous_2)
FNDA:3,(anonymous_3)
FNDA:1,(anonymous_4)
FNDA:1,(anonymous_5)
FNDA:1,(anonymous_6)
FNDA:2,(anonymous_7)
FNDA:3,(anonymous_8)
FNDA:1,(anonymous_9)
FNDA:1,(anonymous_10)
FNDA:5,(anonymous_11)
FNDA:2,(anonymous_12)
FNDA:2,(anonymous_13)
FNDA:2,(anonymous_14)
FNDA:1,(anonymous_15)
DA:12,1
DA:16,1
DA:17,1
DA:18,1
DA:28,1
DA:29,1
DA:32,1
DA:33,1
DA:35,1
DA:41,1
DA:43,1
DA:44,6
DA:45,6
DA:46,1
DA:48,5
DA:51,1
DA:52,5
DA:55,1
DA:56,12
DA:59,1
DA:64,1
DA:71,1
DA:80,3
DA:81,3
DA:82,2
DA:85,1
DA:86,1
DA:87,1
DA:88,1
DA:90,0
DA:91,0
DA:93,0
DA:99,1
DA:100,1
DA:101,1
DA:102,1
DA:104,0
DA:109,1
DA:110,1
DA:111,1
DA:112,1
DA:114,0
DA:115,0
DA:120,1
DA:121,1
DA:122,1
DA:123,1
DA:125,0
DA:126,0
DA:132,1
DA:133,2
DA:135,2
DA:136,0
DA:139,2
DA:140,1
DA:143,1
DA:144,1
DA:146,0
DA:147,0
DA:152,1
DA:161,3
DA:163,1
DA:166,2
DA:167,2
DA:168,1
DA:171,1
DA:172,1
DA:173,1
DA:174,1
DA:176,0
DA:177,0
DA:179,0
DA:180,0
DA:186,1
DA:187,1
DA:188,1
DA:189,1
DA:191,1
DA:192,1
DA:197,1
DA:199,1
DA:201,1
DA:207,0
DA:208,0
DA:214,1
DA:215,1
DA:216,0
DA:218,1
DA:219,1
DA:220,1
DA:230,1
DA:232,0
DA:233,0
DA:238,1
DA:239,5
DA:243,1
DA:244,2
DA:245,1
DA:248,1
DA:252,1
DA:253,2
DA:254,2
DA:259,1
LF:103
LH:83
BRDA:45,0,0,1
BRDA:45,0,1,5
BRDA:81,1,0,2
BRDA:81,1,1,1
BRDA:90,2,0,0
BRDA:90,2,1,0
BRDA:135,3,0,0
BRDA:135,3,1,2
BRDA:139,4,0,1
BRDA:139,4,1,1
BRDA:139,5,0,2
BRDA:139,5,1,1
BRDA:161,6,0,1
BRDA:161,6,1,2
BRDA:161,7,0,3
BRDA:161,7,1,2
BRDA:161,7,2,2
BRDA:167,8,0,1
BRDA:167,8,1,1
BRDA:176,9,0,0
BRDA:176,9,1,0
BRDA:197,10,0,0
BRDA:197,10,1,1
BRDA:215,11,0,0
BRDA:215,11,1,1
BRDA:233,12,0,0
BRDA:233,12,1,0
BRDA:244,13,0,1
BRDA:244,13,1,1
BRF:29
BRH:20
end_of_record
