TN:
SF:dao.mjs
FN:18,(anonymous_0)
FN:46,(anonymous_1)
FN:55,(anonymous_2)
FN:69,(anonymous_3)
FN:70,(anonymous_4)
FN:92,(anonymous_5)
FN:93,(anonymous_6)
FN:110,(anonymous_7)
FN:120,(anonymous_8)
FN:121,(anonymous_9)
FN:138,(anonymous_10)
FN:141,(anonymous_11)
FN:142,(anonymous_12)
FN:159,(anonymous_13)
FN:163,(anonymous_14)
FN:170,(anonymous_15)
FN:174,(anonymous_16)
FN:181,(anonymous_17)
FN:191,(anonymous_18)
FN:204,(anonymous_19)
FN:257,(anonymous_20)
FN:260,(anonymous_21)
FN:261,(anonymous_22)
FN:282,(anonymous_23)
FN:287,(anonymous_24)
FN:298,(anonymous_25)
FN:333,(anonymous_26)
FN:360,(anonymous_27)
FN:396,(anonymous_28)
FN:423,(anonymous_29)
FN:516,(anonymous_30)
FN:551,(anonymous_31)
FN:575,(anonymous_32)
FN:599,(anonymous_33)
FN:612,(anonymous_34)
FN:618,(anonymous_35)
FN:621,(anonymous_36)
FNF:37
FNH:31
FNDA:5,(anonymous_0)
FNDA:3,(anonymous_1)
FNDA:2,(anonymous_2)
FNDA:1,(anonymous_3)
FNDA:1,(anonymous_4)
FNDA:1,(anonymous_5)
FNDA:1,(anonymous_6)
FNDA:4,(anonymous_7)
FNDA:3,(anonymous_8)
FNDA:3,(anonymous_9)
FNDA:1,(anonymous_10)
FNDA:1,(anonymous_11)
FNDA:1,(anonymous_12)
FNDA:1,(anonymous_13)
FNDA:2,(anonymous_14)
FNDA:1,(anonymous_15)
FNDA:1,(anonymous_16)
FNDA:1,(anonymous_17)
FNDA:2,(anonymous_18)
FNDA:2,(anonymous_19)
FNDA:1,(anonymous_20)
FNDA:1,(anonymous_21)
FNDA:1,(anonymous_22)
FNDA:1,(anonymous_23)
FNDA:1,(anonymous_24)
FNDA:3,(anonymous_25)
FNDA:2,(anonymous_26)
FNDA:4,(anonymous_27)
FNDA:2,(anonymous_28)
FNDA:0,(anonymous_29)
FNDA:2,(anonymous_30)
FNDA:1,(anonymous_31)
FNDA:0,(anonymous_32)
FNDA:0,(anonymous_33)
FNDA:0,(anonymous_34)
FNDA:0,(anonymous_35)
FNDA:0,(anonymous_36)
DA:5,4
DA:7,4
DA:18,4
DA:20,5
DA:21,5
DA:22,3
DA:23,3
DA:24,3
DA:25,1
DA:27,2
DA:28,2
DA:29,2
DA:30,2
DA:31,1
DA:33,1
DA:34,1
DA:35,2
DA:36,1
DA:37,1
DA:39,1
DA:42,3
DA:43,3
DA:45,2
DA:46,3
DA:55,4
DA:56,2
DA:58,2
DA:59,2
DA:61,2
DA:62,1
DA:63,1
DA:69,1
DA:70,1
DA:71,1
DA:73,1
DA:78,1
DA:84,1
DA:85,1
DA:87,1
DA:88,1
DA:90,1
DA:92,1
DA:93,1
DA:94,1
DA:96,1
DA:101,1
DA:105,0
DA:110,4
DA:111,4
DA:112,4
DA:113,4
DA:115,4
DA:116,4
DA:118,3
DA:120,3
DA:121,3
DA:122,3
DA:124,2
DA:129,2
DA:133,0
DA:138,4
DA:139,1
DA:141,1
DA:142,1
DA:143,1
DA:145,1
DA:146,1
DA:148,1
DA:149,1
DA:150,1
DA:152,0
DA:159,4
DA:160,1
DA:161,1
DA:162,1
DA:163,2
DA:165,0
DA:170,4
DA:171,1
DA:172,1
DA:173,1
DA:174,1
DA:176,0
DA:181,4
DA:182,1
DA:183,1
DA:190,1
DA:191,2
DA:200,0
DA:204,4
DA:205,2
DA:207,2
DA:208,2
DA:211,2
DA:212,2
DA:214,2
DA:215,1
DA:218,1
DA:221,1
DA:222,1
DA:223,1
DA:225,1
DA:230,1
DA:231,1
DA:232,1
DA:234,1
DA:239,1
DA:240,1
DA:241,1
DA:242,1
DA:245,1
DA:247,1
DA:249,1
DA:250,1
DA:252,2
DA:257,4
DA:258,1
DA:260,1
DA:261,1
DA:262,1
DA:264,1
DA:269,1
DA:271,1
DA:272,1
DA:273,1
DA:275,0
DA:282,4
DA:283,1
DA:284,1
DA:285,1
DA:287,1
DA:293,0
DA:298,4
DA:299,3
DA:300,3
DA:332,3
DA:333,2
DA:355,1
DA:360,4
DA:361,4
DA:362,4
DA:395,4
DA:396,3
DA:418,1
DA:423,4
DA:424,0
DA:425,0
DA:428,0
DA:429,0
DA:430,0
DA:433,0
DA:441,0
DA:443,0
DA:445,0
DA:449,0
DA:481,0
DA:484,0
DA:485,0
DA:487,0
DA:510,0
DA:512,0
DA:516,4
DA:517,2
DA:518,2
DA:550,2
DA:551,2
DA:571,0
DA:575,4
DA:576,0
DA:577,0
DA:588,0
DA:589,0
DA:590,0
DA:593,0
DA:595,0
DA:599,4
DA:600,0
DA:601,0
DA:602,0
DA:603,0
DA:604,0
DA:606,0
DA:608,0
DA:612,4
DA:613,0
DA:614,0
DA:615,0
DA:617,0
DA:618,0
DA:621,0
DA:623,0
DA:630,0
DA:632,0
DA:633,0
DA:635,0
LF:195
LH:145
BRDA:21,0,0,3
BRDA:21,0,1,2
BRDA:21,1,0,5
BRDA:21,1,1,3
BRDA:24,2,0,1
BRDA:24,2,1,2
BRDA:30,3,0,1
BRDA:30,3,1,1
BRDA:35,4,0,1
BRDA:35,4,1,1
BRDA:35,5,0,2
BRDA:35,5,1,2
BRDA:35,5,2,1
BRDA:35,5,3,0
BRDA:61,6,0,1
BRDA:61,6,1,1
BRDA:71,7,0,0
BRDA:71,7,1,1
BRDA:78,8,0,1
BRDA:78,8,1,0
BRDA:88,9,0,0
BRDA:88,9,1,1
BRDA:94,10,0,0
BRDA:94,10,1,1
BRDA:101,11,0,1
BRDA:101,11,1,0
BRDA:116,12,0,1
BRDA:116,12,1,3
BRDA:122,13,0,1
BRDA:122,13,1,2
BRDA:129,14,0,1
BRDA:129,14,1,1
BRDA:143,15,0,0
BRDA:143,15,1,1
BRDA:214,16,0,1
BRDA:214,16,1,1
BRDA:230,17,0,1
BRDA:230,17,1,1
BRDA:262,18,0,0
BRDA:262,18,1,1
BRDA:343,19,0,1
BRDA:343,19,1,1
BRDA:352,20,0,2
BRDA:352,20,1,1
BRDA:406,21,0,1
BRDA:406,21,1,1
BRDA:415,22,0,2
BRDA:415,22,1,1
BRDA:423,23,0,0
BRDA:429,24,0,0
BRDA:429,24,1,0
BRDA:430,25,0,0
BRDA:430,25,1,0
BRDA:443,26,0,0
BRDA:443,26,1,0
BRDA:485,27,0,0
BRDA:485,27,1,0
BRDA:497,28,0,0
BRDA:497,28,1,0
BRDA:506,29,0,0
BRDA:506,29,1,0
BRDA:560,30,0,0
BRDA:560,30,1,1
BRDA:560,31,0,1
BRDA:560,31,1,0
BRDA:568,32,0,1
BRDA:568,32,1,0
BRDA:589,33,0,0
BRDA:589,33,1,0
BRDA:603,34,0,0
BRDA:603,34,1,0
BRDA:615,35,0,0
BRDA:615,35,1,0
BRF:73
BRH:43
end_of_record
TN:
SF:index.mjs
FN:46,verify
FN:54,(anonymous_1)
FN:58,(anonymous_2)
FN:73,(anonymous_3)
FN:87,(anonymous_4)
FN:108,(anonymous_5)
FN:125,(anonymous_6)
FN:137,(anonymous_7)
FN:152,(anonymous_8)
FN:166,(anonymous_9)
FN:200,(anonymous_10)
FN:229,(anonymous_11)
FN:234,(anonymous_12)
FN:243,(anonymous_13)
FN:244,(anonymous_14)
FN:250,(anonymous_15)
FNF:16
FNH:11
FNDA:23,verify
FNDA:22,(anonymous_1)
FNDA:60,(anonymous_2)
FNDA:9,(anonymous_3)
FNDA:0,(anonymous_4)
FNDA:0,(anonymous_5)
FNDA:1,(anonymous_6)
FNDA:0,(anonymous_7)
FNDA:0,(anonymous_8)
FNDA:0,(anonymous_9)
FNDA:1,(anonymous_10)
FNDA:22,(anonymous_11)
FNDA:5,(anonymous_12)
FNDA:16,(anonymous_13)
FNDA:16,(anonymous_14)
FNDA:3,(anonymous_15)
DA:15,3
DA:19,3
DA:20,3
DA:21,3
DA:31,3
DA:32,3
DA:35,3
DA:36,3
DA:38,3
DA:44,3
DA:46,3
DA:47,23
DA:48,23
DA:49,1
DA:51,22
DA:54,3
DA:55,22
DA:58,3
DA:59,60
DA:62,3
DA:67,3
DA:73,3
DA:74,9
DA:75,9
DA:76,7
DA:78,4
DA:79,2
DA:82,2
DA:87,3
DA:88,0
DA:89,0
DA:90,0
DA:92,0
DA:93,0
DA:95,0
DA:96,0
DA:98,0
DA:99,0
DA:101,0
DA:103,0
DA:108,3
DA:109,0
DA:110,0
DA:111,0
DA:112,0
DA:113,0
DA:114,0
DA:115,0
DA:116,0
DA:117,0
DA:118,0
DA:120,0
DA:125,3
DA:126,1
DA:127,1
DA:128,1
DA:131,0
DA:137,3
DA:138,0
DA:139,0
DA:140,0
DA:142,0
DA:143,0
DA:144,0
DA:147,0
DA:152,3
DA:153,0
DA:154,0
DA:155,0
DA:156,0
DA:157,0
DA:158,0
DA:159,0
DA:161,0
DA:166,3
DA:167,0
DA:168,0
DA:169,0
DA:171,0
DA:172,0
DA:175,0
DA:177,0
DA:178,0
DA:181,0
DA:184,0
DA:195,3
DA:196,3
DA:197,3
DA:200,3
DA:201,1
DA:202,1
DA:203,1
DA:205,1
DA:206,1
DA:211,1
DA:213,1
DA:215,1
DA:221,0
DA:229,3
DA:230,22
DA:234,3
DA:235,5
DA:236,2
DA:239,3
DA:243,3
DA:244,16
DA:245,16
DA:250,3
LF:108
LH:59
BRDA:48,0,0,1
BRDA:48,0,1,22
BRDA:75,1,0,2
BRDA:75,1,1,7
BRDA:76,2,0,3
BRDA:76,2,1,4
BRDA:76,3,0,7
BRDA:76,3,1,3
BRDA:89,4,0,0
BRDA:89,4,1,0
BRDA:90,5,0,0
BRDA:90,5,1,0
BRDA:90,6,0,0
BRDA:90,6,1,0
BRDA:90,6,2,0
BRDA:93,7,0,0
BRDA:93,7,1,0
BRDA:96,8,0,0
BRDA:96,8,1,0
BRDA:98,9,0,0
BRDA:98,9,1,0
BRDA:99,10,0,0
BRDA:99,10,1,0
BRDA:110,11,0,0
BRDA:110,11,1,0
BRDA:111,12,0,0
BRDA:111,12,1,0
BRDA:111,13,0,0
BRDA:111,13,1,0
BRDA:111,13,2,0
BRDA:113,14,0,0
BRDA:113,14,1,0
BRDA:115,15,0,0
BRDA:115,15,1,0
BRDA:117,16,0,0
BRDA:117,16,1,0
BRDA:139,17,0,0
BRDA:139,17,1,0
BRDA:140,18,0,0
BRDA:140,18,1,0
BRDA:154,19,0,0
BRDA:154,19,1,0
BRDA:156,20,0,0
BRDA:156,20,1,0
BRDA:158,21,0,0
BRDA:158,21,1,0
BRDA:171,22,0,0
BRDA:171,22,1,0
BRDA:171,23,0,0
BRDA:171,23,1,0
BRDA:177,24,0,0
BRDA:177,24,1,0
BRDA:211,25,0,0
BRDA:211,25,1,1
BRDA:235,26,0,2
BRDA:235,26,1,3
BRF:56
BRH:11
end_of_record
TN:
SF:router\forms_route.mjs
FN:14,(anonymous_0)
FN:39,(anonymous_1)
FNF:2
FNH:2
FNDA:9,(anonymous_0)
FNDA:5,(anonymous_1)
DA:5,3
DA:8,3
DA:16,9
DA:17,2
DA:20,7
DA:21,7
DA:22,2
DA:25,5
DA:26,5
DA:27,5
DA:28,3
DA:30,2
DA:31,1
DA:33,1
DA:39,3
DA:40,5
DA:41,2
DA:43,3
DA:44,3
DA:45,3
DA:55,2
DA:57,1
LF:22
LH:22
BRDA:16,0,0,2
BRDA:16,0,1,7
BRDA:16,1,0,9
BRDA:16,1,1,8
BRDA:21,2,0,2
BRDA:21,2,1,5
BRDA:30,3,0,1
BRDA:30,3,1,1
BRDA:40,4,0,2
BRDA:40,4,1,3
BRF:10
BRH:10
end_of_record
TN:
SF:router\get-all_route.mjs
FN:7,(anonymous_0)
FN:17,(anonymous_1)
FN:27,(anonymous_2)
FN:37,(anonymous_3)
FN:56,(anonymous_4)
FNF:5
FNH:5
FNDA:4,(anonymous_0)
FNDA:2,(anonymous_1)
FNDA:4,(anonymous_2)
FNDA:6,(anonymous_3)
FNDA:4,(anonymous_4)
DA:4,3
DA:7,3
DA:8,4
DA:9,4
DA:10,3
DA:12,1
DA:17,3
DA:18,2
DA:19,2
DA:20,1
DA:22,1
DA:27,3
DA:28,4
DA:29,4
DA:30,3
DA:32,1
DA:37,3
DA:38,6
DA:40,6
DA:41,1
DA:44,5
DA:45,2
DA:48,3
DA:49,2
DA:51,1
DA:56,3
DA:58,4
DA:59,1
DA:61,3
DA:62,3
DA:63,3
DA:64,1
DA:66,2
DA:69,1
DA:71,1
LF:35
LH:35
BRDA:40,0,0,1
BRDA:40,0,1,5
BRDA:44,1,0,2
BRDA:44,1,1,3
BRDA:58,2,0,1
BRDA:58,2,1,3
BRDA:66,3,0,1
BRDA:66,3,1,1
BRF:8
BRH:8
end_of_record
TN:
SF:router\registration_route.mjs
FN:15,(anonymous_0)
FNF:1
FNH:1
FNDA:9,(anonymous_0)
DA:5,3
DA:8,3
DA:17,9
DA:18,9
DA:19,2
DA:22,7
DA:23,7
DA:24,7
DA:25,4
DA:27,3
DA:28,2
DA:30,1
LF:12
LH:12
BRDA:18,0,0,2
BRDA:18,0,1,7
BRDA:27,1,0,2
BRDA:27,1,1,1
BRF:4
BRH:4
end_of_record
